<?xml version="1.0" encoding="UTF-8"?>
<coverage generated="1774250774234" clover="3.2.0">
  <project timestamp="1774250774234" name="All files">
    <metrics statements="62" coveredstatements="62" conditionals="22" coveredconditionals="22" methods="13" coveredmethods="13" elements="97" coveredelements="97" complexity="0" loc="62" ncloc="62" packages="3" files="3" classes="3"/>
    <package name="client.services">
      <metrics statements="21" coveredstatements="21" conditionals="8" coveredconditionals="8" methods="3" coveredmethods="3"/>
      <file name="auth.service.ts" path="/Users/macbookpro/Project/express-postgres/src/client/services/auth.service.ts">
        <metrics statements="21" coveredstatements="21" conditionals="8" coveredconditionals="8" methods="3" coveredmethods="3"/>
        <line num="1" count="1" type="stmt"/>
        <line num="4" count="1" type="stmt"/>
        <line num="6" count="1" type="stmt"/>
        <line num="8" count="8" type="stmt"/>
        <line num="9" count="8" type="stmt"/>
        <line num="13" count="3" type="stmt"/>
        <line num="17" count="3" type="cond" truecount="2" falsecount="0"/>
        <line num="18" count="1" type="stmt"/>
        <line num="21" count="2" type="stmt"/>
        <line num="23" count="2" type="stmt"/>
        <line num="33" count="2" type="stmt"/>
        <line num="36" count="2" type="stmt"/>
        <line num="38" count="2" type="stmt"/>
        <line num="42" count="5" type="stmt"/>
        <line num="46" count="5" type="cond" truecount="4" falsecount="0"/>
        <line num="47" count="3" type="stmt"/>
        <line num="50" count="2" type="cond" truecount="2" falsecount="0"/>
        <line num="51" count="1" type="stmt"/>
        <line num="54" count="1" type="stmt"/>
        <line num="57" count="1" type="stmt"/>
        <line num="59" count="1" type="stmt"/>
      </file>
    </package>
    <package name="shared.services">
      <metrics statements="26" coveredstatements="26" conditionals="6" coveredconditionals="6" methods="8" coveredmethods="8"/>
      <file name="token.service.ts" path="/Users/macbookpro/Project/express-postgres/src/shared/services/token.service.ts">
        <metrics statements="26" coveredstatements="26" conditionals="6" coveredconditionals="6" methods="8" coveredmethods="8"/>
        <line num="1" count="1" type="stmt"/>
        <line num="3" count="1" type="stmt"/>
        <line num="5" count="1" type="stmt"/>
        <line num="6" count="1" type="stmt"/>
        <line num="20" count="1" type="stmt"/>
        <line num="21" count="15" type="stmt"/>
        <line num="24" count="3" type="stmt"/>
        <line num="32" count="5" type="stmt"/>
        <line num="36" count="13" type="stmt"/>
        <line num="40" count="2" type="stmt"/>
        <line num="41" count="2" type="stmt"/>
        <line num="45" count="2" type="stmt"/>
        <line num="46" count="2" type="stmt"/>
        <line num="48" count="2" type="stmt"/>
        <line num="56" count="2" type="stmt"/>
        <line num="60" count="4" type="stmt"/>
        <line num="61" count="4" type="stmt"/>
        <line num="63" count="3" type="stmt"/>
        <line num="68" count="6" type="stmt"/>
        <line num="70" count="6" type="stmt"/>
        <line num="75" count="6" type="cond" truecount="6" falsecount="0"/>
        <line num="76" count="5" type="stmt"/>
        <line num="80" count="1" type="stmt"/>
        <line num="86" count="1" type="stmt"/>
        <line num="90" count="1" type="stmt"/>
        <line num="92" count="1" type="stmt"/>
      </file>
    </package>
    <package name="subscription.services">
      <metrics statements="15" coveredstatements="15" conditionals="8" coveredconditionals="8" methods="2" coveredmethods="2"/>
      <file name="auth.service.ts" path="/Users/macbookpro/Project/express-postgres/src/subscription/services/auth.service.ts">
        <metrics statements="15" coveredstatements="15" conditionals="8" coveredconditionals="8" methods="2" coveredmethods="2"/>
        <line num="1" count="1" type="stmt"/>
        <line num="4" count="1" type="stmt"/>
        <line num="6" count="1" type="stmt"/>
        <line num="8" count="7" type="stmt"/>
        <line num="9" count="7" type="stmt"/>
        <line num="13" count="9" type="stmt"/>
        <line num="17" count="9" type="cond" truecount="4" falsecount="0"/>
        <line num="18" count="3" type="stmt"/>
        <line num="21" count="6" type="cond" truecount="2" falsecount="0"/>
        <line num="22" count="1" type="stmt"/>
        <line num="26" count="5" type="cond" truecount="2" falsecount="0"/>
        <line num="27" count="4" type="stmt"/>
        <line num="30" count="1" type="stmt"/>
        <line num="33" count="1" type="stmt"/>
        <line num="35" count="1" type="stmt"/>
      </file>
    </package>
  </project>
</coverage>
