{"/Users/macbookpro/Project/express-postgres/src/client/services/auth.service.ts": {"path":"/Users/macbookpro/Project/express-postgres/src/client/services/auth.service.ts","statementMap":{"0":{"start":{"line":1,"column":0},"end":{"line":1,"column":30}},"1":{"start":{"line":4,"column":0},"end":{"line":4,"column":69}},"2":{"start":{"line":8,"column":21},"end":{"line":8,"column":41}},"3":{"start":{"line":9,"column":21},"end":{"line":9,"column":47}},"4":{"start":{"line":13,"column":25},"end":{"line":15,"column":6}},"5":{"start":{"line":17,"column":4},"end":{"line":19,"column":5}},"6":{"start":{"line":18,"column":6},"end":{"line":18,"column":86}},"7":{"start":{"line":21,"column":25},"end":{"line":21,"column":61}},"8":{"start":{"line":23,"column":17},"end":{"line":31,"column":6}},"9":{"start":{"line":33,"column":19},"end":{"line":33,"column":77}},"10":{"start":{"line":36,"column":54},"end":{"line":36,"column":58}},"11":{"start":{"line":38,"column":4},"end":{"line":38,"column":49}},"12":{"start":{"line":42,"column":17},"end":{"line":44,"column":6}},"13":{"start":{"line":46,"column":4},"end":{"line":48,"column":5}},"14":{"start":{"line":47,"column":6},"end":{"line":47,"column":82}},"15":{"start":{"line":50,"column":4},"end":{"line":52,"column":5}},"16":{"start":{"line":51,"column":6},"end":{"line":51,"column":87}},"17":{"start":{"line":54,"column":19},"end":{"line":54,"column":77}},"18":{"start":{"line":57,"column":54},"end":{"line":57,"column":58}},"19":{"start":{"line":59,"column":4},"end":{"line":59,"column":49}},"20":{"start":{"line":6,"column":0},"end":{"line":6,"column":13}}},"fnMap":{"0":{"name":"(anonymous_1)","decl":{"start":{"line":7,"column":2},"end":{"line":7,"column":null}},"loc":{"start":{"line":9,"column":47},"end":{"line":10,"column":6}}},"1":{"name":"(anonymous_2)","decl":{"start":{"line":12,"column":2},"end":{"line":12,"column":7}},"loc":{"start":{"line":12,"column":26},"end":{"line":39,"column":3}}},"2":{"name":"(anonymous_3)","decl":{"start":{"line":41,"column":2},"end":{"line":41,"column":7}},"loc":{"start":{"line":41,"column":23},"end":{"line":60,"column":3}}}},"branchMap":{"0":{"loc":{"start":{"line":17,"column":4},"end":{"line":19,"column":5}},"type":"if","locations":[{"start":{"line":17,"column":4},"end":{"line":19,"column":5}},{"start":{},"end":{}}]},"1":{"loc":{"start":{"line":46,"column":4},"end":{"line":48,"column":5}},"type":"if","locations":[{"start":{"line":46,"column":4},"end":{"line":48,"column":5}},{"start":{},"end":{}}]},"2":{"loc":{"start":{"line":46,"column":8},"end":{"line":46,"column":75}},"type":"binary-expr","locations":[{"start":{"line":46,"column":8},"end":{"line":46,"column":13}},{"start":{"line":46,"column":17},"end":{"line":46,"column":75}}]},"3":{"loc":{"start":{"line":50,"column":4},"end":{"line":52,"column":5}},"type":"if","locations":[{"start":{"line":50,"column":4},"end":{"line":52,"column":5}},{"start":{},"end":{}}]}},"s":{"0":1,"1":1,"2":8,"3":8,"4":3,"5":3,"6":1,"7":2,"8":2,"9":2,"10":2,"11":2,"12":5,"13":5,"14":3,"15":2,"16":1,"17":1,"18":1,"19":1,"20":1},"f":{"0":8,"1":3,"2":5},"b":{"0":[1,2],"1":[3,2],"2":[5,3],"3":[1,1]}}
,"/Users/macbookpro/Project/express-postgres/src/shared/services/token.service.ts": {"path":"/Users/macbookpro/Project/express-postgres/src/shared/services/token.service.ts","statementMap":{"0":{"start":{"line":1,"column":0},"end":{"line":1,"column":31}},"1":{"start":{"line":3,"column":0},"end":{"line":3,"column":28}},"2":{"start":{"line":5,"column":0},"end":{"line":5,"column":36}},"3":{"start":{"line":6,"column":0},"end":{"line":6,"column":59}},"4":{"start":{"line":21,"column":31},"end":{"line":21,"column":51}},"5":{"start":{"line":24,"column":4},"end":{"line":28,"column":6}},"6":{"start":{"line":32,"column":4},"end":{"line":32,"column":50}},"7":{"start":{"line":36,"column":4},"end":{"line":36,"column":67}},"8":{"start":{"line":40,"column":24},"end":{"line":40,"column":62}},"9":{"start":{"line":41,"column":25},"end":{"line":41,"column":52}},"10":{"start":{"line":45,"column":22},"end":{"line":45,"column":32}},"11":{"start":{"line":46,"column":4},"end":{"line":46,"column":47}},"12":{"start":{"line":48,"column":4},"end":{"line":54,"column":7}},"13":{"start":{"line":56,"column":4},"end":{"line":56,"column":41}},"14":{"start":{"line":60,"column":4},"end":{"line":64,"column":5}},"15":{"start":{"line":61,"column":6},"end":{"line":61,"column":72}},"16":{"start":{"line":63,"column":6},"end":{"line":63,"column":81}},"17":{"start":{"line":68,"column":22},"end":{"line":68,"column":50}},"18":{"start":{"line":70,"column":24},"end":{"line":73,"column":6}},"19":{"start":{"line":75,"column":4},"end":{"line":77,"column":5}},"20":{"start":{"line":76,"column":6},"end":{"line":76,"column":82}},"21":{"start":{"line":80,"column":4},"end":{"line":83,"column":7}},"22":{"start":{"line":86,"column":4},"end":{"line":86,"column":83}},"23":{"start":{"line":90,"column":22},"end":{"line":90,"column":50}},"24":{"start":{"line":92,"column":4},"end":{"line":95,"column":7}},"25":{"start":{"line":20,"column":0},"end":{"line":20,"column":13}}},"fnMap":{"0":{"name":"(anonymous_1)","decl":{"start":{"line":21,"column":2},"end":{"line":21,"column":31}},"loc":{"start":{"line":21,"column":51},"end":{"line":21,"column":55}}},"1":{"name":"(anonymous_2)","decl":{"start":{"line":23,"column":2},"end":{"line":23,"column":21}},"loc":{"start":{"line":23,"column":48},"end":{"line":29,"column":3}}},"2":{"name":"(anonymous_3)","decl":{"start":{"line":31,"column":2},"end":{"line":31,"column":22}},"loc":{"start":{"line":31,"column":22},"end":{"line":33,"column":3}}},"3":{"name":"(anonymous_4)","decl":{"start":{"line":35,"column":2},"end":{"line":35,"column":11}},"loc":{"start":{"line":35,"column":25},"end":{"line":37,"column":3}}},"4":{"name":"(anonymous_5)","decl":{"start":{"line":39,"column":2},"end":{"line":39,"column":7}},"loc":{"start":{"line":39,"column":49},"end":{"line":57,"column":3}}},"5":{"name":"(anonymous_6)","decl":{"start":{"line":59,"column":2},"end":{"line":59,"column":19}},"loc":{"start":{"line":59,"column":33},"end":{"line":65,"column":3}}},"6":{"name":"(anonymous_7)","decl":{"start":{"line":67,"column":2},"end":{"line":67,"column":7}},"loc":{"start":{"line":67,"column":47},"end":{"line":87,"column":3}}},"7":{"name":"(anonymous_8)","decl":{"start":{"line":89,"column":2},"end":{"line":89,"column":7}},"loc":{"start":{"line":89,"column":47},"end":{"line":96,"column":3}}}},"branchMap":{"0":{"loc":{"start":{"line":75,"column":4},"end":{"line":77,"column":5}},"type":"if","locations":[{"start":{"line":75,"column":4},"end":{"line":77,"column":5}},{"start":{},"end":{}}]},"1":{"loc":{"start":{"line":75,"column":8},"end":{"line":75,"column":106}},"type":"binary-expr","locations":[{"start":{"line":75,"column":8},"end":{"line":75,"column":20}},{"start":{"line":75,"column":24},"end":{"line":75,"column":46}},{"start":{"line":75,"column":50},"end":{"line":75,"column":85}},{"start":{"line":75,"column":89},"end":{"line":75,"column":106}}]}},"s":{"0":1,"1":1,"2":1,"3":1,"4":15,"5":3,"6":5,"7":13,"8":2,"9":2,"10":2,"11":2,"12":2,"13":2,"14":4,"15":4,"16":3,"17":6,"18":6,"19":6,"20":5,"21":1,"22":1,"23":1,"24":1,"25":1},"f":{"0":15,"1":3,"2":5,"3":13,"4":2,"5":4,"6":6,"7":1},"b":{"0":[5,1],"1":[6,4,3,2]}}
,"/Users/macbookpro/Project/express-postgres/src/subscription/services/auth.service.ts": {"path":"/Users/macbookpro/Project/express-postgres/src/subscription/services/auth.service.ts","statementMap":{"0":{"start":{"line":1,"column":0},"end":{"line":1,"column":30}},"1":{"start":{"line":4,"column":0},"end":{"line":4,"column":69}},"2":{"start":{"line":8,"column":21},"end":{"line":8,"column":41}},"3":{"start":{"line":9,"column":21},"end":{"line":9,"column":47}},"4":{"start":{"line":13,"column":17},"end":{"line":15,"column":6}},"5":{"start":{"line":17,"column":4},"end":{"line":19,"column":5}},"6":{"start":{"line":18,"column":6},"end":{"line":18,"column":82}},"7":{"start":{"line":21,"column":4},"end":{"line":23,"column":5}},"8":{"start":{"line":22,"column":6},"end":{"line":22,"column":87}},"9":{"start":{"line":26,"column":4},"end":{"line":28,"column":5}},"10":{"start":{"line":27,"column":6},"end":{"line":27,"column":96}},"11":{"start":{"line":30,"column":19},"end":{"line":30,"column":77}},"12":{"start":{"line":33,"column":54},"end":{"line":33,"column":58}},"13":{"start":{"line":35,"column":4},"end":{"line":35,"column":49}},"14":{"start":{"line":6,"column":0},"end":{"line":6,"column":13}}},"fnMap":{"0":{"name":"(anonymous_1)","decl":{"start":{"line":7,"column":2},"end":{"line":7,"column":null}},"loc":{"start":{"line":9,"column":47},"end":{"line":10,"column":6}}},"1":{"name":"(anonymous_2)","decl":{"start":{"line":12,"column":2},"end":{"line":12,"column":7}},"loc":{"start":{"line":12,"column":23},"end":{"line":36,"column":3}}}},"branchMap":{"0":{"loc":{"start":{"line":17,"column":4},"end":{"line":19,"column":5}},"type":"if","locations":[{"start":{"line":17,"column":4},"end":{"line":19,"column":5}},{"start":{},"end":{}}]},"1":{"loc":{"start":{"line":17,"column":8},"end":{"line":17,"column":75}},"type":"binary-expr","locations":[{"start":{"line":17,"column":8},"end":{"line":17,"column":13}},{"start":{"line":17,"column":17},"end":{"line":17,"column":75}}]},"2":{"loc":{"start":{"line":21,"column":4},"end":{"line":23,"column":5}},"type":"if","locations":[{"start":{"line":21,"column":4},"end":{"line":23,"column":5}},{"start":{},"end":{}}]},"3":{"loc":{"start":{"line":26,"column":4},"end":{"line":28,"column":5}},"type":"if","locations":[{"start":{"line":26,"column":4},"end":{"line":28,"column":5}},{"start":{},"end":{}}]}},"s":{"0":1,"1":1,"2":7,"3":7,"4":9,"5":9,"6":3,"7":6,"8":1,"9":5,"10":4,"11":1,"12":1,"13":1,"14":1},"f":{"0":7,"1":9},"b":{"0":[3,6],"1":[9,8],"2":[1,5],"3":[4,1]}}
}
