TN:
SF:src/client/services/auth.service.ts
FN:7,(anonymous_1)
FN:12,(anonymous_2)
FN:41,(anonymous_3)
FNF:3
FNH:3
FNDA:8,(anonymous_1)
FNDA:3,(anonymous_2)
FNDA:5,(anonymous_3)
DA:1,1
DA:4,1
DA:6,1
DA:8,8
DA:9,8
DA:13,3
DA:17,3
DA:18,1
DA:21,2
DA:23,2
DA:33,2
DA:36,2
DA:38,2
DA:42,5
DA:46,5
DA:47,3
DA:50,2
DA:51,1
DA:54,1
DA:57,1
DA:59,1
LF:21
LH:21
BRDA:17,0,0,1
BRDA:17,0,1,2
BRDA:46,1,0,3
BRDA:46,1,1,2
BRDA:46,2,0,5
BRDA:46,2,1,3
BRDA:50,3,0,1
BRDA:50,3,1,1
BRF:8
BRH:8
end_of_record
TN:
SF:src/shared/services/token.service.ts
FN:21,(anonymous_1)
FN:23,(anonymous_2)
FN:31,(anonymous_3)
FN:35,(anonymous_4)
FN:39,(anonymous_5)
FN:59,(anonymous_6)
FN:67,(anonymous_7)
FN:89,(anonymous_8)
FNF:8
FNH:8
FNDA:15,(anonymous_1)
FNDA:3,(anonymous_2)
FNDA:5,(anonymous_3)
FNDA:13,(anonymous_4)
FNDA:2,(anonymous_5)
FNDA:4,(anonymous_6)
FNDA:6,(anonymous_7)
FNDA:1,(anonymous_8)
DA:1,1
DA:3,1
DA:5,1
DA:6,1
DA:20,1
DA:21,15
DA:24,3
DA:32,5
DA:36,13
DA:40,2
DA:41,2
DA:45,2
DA:46,2
DA:48,2
DA:56,2
DA:60,4
DA:61,4
DA:63,3
DA:68,6
DA:70,6
DA:75,6
DA:76,5
DA:80,1
DA:86,1
DA:90,1
DA:92,1
LF:26
LH:26
BRDA:75,0,0,5
BRDA:75,0,1,1
BRDA:75,1,0,6
BRDA:75,1,1,4
BRDA:75,1,2,3
BRDA:75,1,3,2
BRF:6
BRH:6
end_of_record
TN:
SF:src/subscription/services/auth.service.ts
FN:7,(anonymous_1)
FN:12,(anonymous_2)
FNF:2
FNH:2
FNDA:7,(anonymous_1)
FNDA:9,(anonymous_2)
DA:1,1
DA:4,1
DA:6,1
DA:8,7
DA:9,7
DA:13,9
DA:17,9
DA:18,3
DA:21,6
DA:22,1
DA:26,5
DA:27,4
DA:30,1
DA:33,1
DA:35,1
LF:15
LH:15
BRDA:17,0,0,3
BRDA:17,0,1,6
BRDA:17,1,0,9
BRDA:17,1,1,8
BRDA:21,2,0,1
BRDA:21,2,1,5
BRDA:26,3,0,4
BRDA:26,3,1,1
BRF:8
BRH:8
end_of_record
